  test1.cpp
test1.obj : error LNK2005: main 已经在 test.obj 中定义
E:\C++\练习\Project1\x64\Debug\Project1.exe : fatal error LNK1169: 找到一个或多个多重定义的符号
